jenisLaporan=dataRuangan, tahun=, bulan=
jenisLaporan=dataRuangan, tahun=, bulan=
jenisLaporan=ruanganSeringDipinjam, tahun=2025, bulan=
jenisLaporan=dataBarang, tahun=, bulan=
jenisLaporan=peminjamSeringMeminjam, tahun=2025, bulan=6
jenisLaporan=ruanganSeringDipinjam, tahun=2025, bulan=
jenisLaporan=dataBarang, tahun=, bulan=
jenisLaporan=dataRuangan, tahun=, bulan=
jenisLaporan=dataBarang, tahun=, bulan=
jenisLaporan=peminjamSeringMeminjam, tahun=2025, bulan=
jenisLaporan=dataBarang, tahun=, bulan=
jenisLaporan=dataBarang, tahun=, bulan=
jenisLaporan=dataBarang, tahun=, bulan=
jenisLaporan=dataBarang, tahun=, bulan=
jenisLaporan=dataRuangan, tahun=, bulan=
jenisLaporan=dataBarang, tahun=, bulan=
jenisLaporan=dataBarang, tahun=, bulan=
jenisLaporan=dataRuangan, tahun=, bulan=
jenisLaporan=, tahun=, bulan=
jenisLaporan=, tahun=, bulan=
jenisLaporan=dataBarang, tahun=, bulan=
jenisLaporan=dataBarang, tahun=, bulan=
jenisLaporan=dataBarang, tahun=, bulan=
jenisLaporan=dataBarang, tahun=, bulan=
jenisLaporan=dataBarang, tahun=, bulan=
jenisLaporan=dataBarang, tahun=, bulan=
jenisLaporan=dataBarang, tahun=, bulan=
